SF:lib/main.dart
DA:5,0
DA:6,0
DA:10,1
DA:12,1
DA:48,0
DA:49,0
DA:50,0
DA:51,0
DA:55,0
DA:56,0
DA:57,0
DA:58,0
DA:60,0
DA:61,0
DA:62,0
DA:66,1
DA:68,1
DA:69,1
DA:70,1
DA:71,1
DA:74,4
DA:75,1
DA:76,1
DA:77,1
DA:78,1
DA:79,0
LF:26
LH:12
end_of_record
SF:lib/answer.dart
DA:7,1
DA:9,1
DA:11,1
DA:13,1
DA:14,1
DA:15,2
LF:6
LH:6
end_of_record
SF:lib/quiz.dart
DA:10,1
DA:14,1
DA:16,1
DA:17,1
DA:18,5
DA:19,6
DA:20,2
DA:21,1
LF:8
LH:8
end_of_record
SF:lib/result.dart
DA:7,0
DA:9,0
DA:10,0
DA:12,0
DA:19,0
DA:21,0
DA:22,0
DA:23,0
DA:24,0
DA:25,0
DA:29,0
LF:11
LH:0
end_of_record
SF:lib/question.dart
DA:6,1
DA:7,1
DA:9,1
DA:10,1
DA:12,1
DA:13,1
DA:14,1
LF:7
LH:7
end_of_record
